<?xml version="1.0" encoding="UTF-8"?>
<testng-results ignored="0" total="2" passed="2" failed="0" skipped="0">
  <reporter-output>
  </reporter-output>
  <suite started-at="2024-07-25T19:09:12 IST" name="Default suite" finished-at="2024-07-25T19:09:23 IST" duration-ms="11306">
    <groups>
    </groups>
    <test started-at="2024-07-25T19:09:12 IST" name="Default test" finished-at="2024-07-25T19:09:23 IST" duration-ms="11306">
      <class name="org.TestNG.Test1">
        <test-method signature="faceook()[pri:0, instance:org.TestNG.Test1@28f3b248]" started-at="2024-07-25T19:09:12 IST" name="faceook" finished-at="2024-07-25T19:09:18 IST" duration-ms="6615" status="PASS">
          <reporter-output>
          </reporter-output>
        </test-method> <!-- faceook -->
        <test-method signature="google()[pri:0, instance:org.TestNG.Test1@28f3b248]" started-at="2024-07-25T19:09:18 IST" name="google" finished-at="2024-07-25T19:09:23 IST" duration-ms="4647" status="PASS">
          <reporter-output>
          </reporter-output>
        </test-method> <!-- google -->
      </class> <!-- org.TestNG.Test1 -->
    </test> <!-- Default test -->
  </suite> <!-- Default suite -->
</testng-results>
